PID 43970 received SIGSEGV for address: 0x83a349d374850c
0   segfault-handler.node               0x00000001051d5318 _ZL16segfault_handleriP9__siginfoPv + 292
1   libsystem_platform.dylib            0x000000018d1b2c44 _sigtramp + 56
2   ???                                 0x000033fcecfaf428 0x0 + 57161400644648
3   ???                                 0x000033fcecfaf428 0x0 + 57161400644648
4   ???                                 0x000033fcecf37c28 0x0 + 57161400155176
5   ???                                 0x000033fcecf556d0 0x0 + 57161400276688
6   ???                                 0x000033fcecf3955c 0x0 + 57161400161628
7   ???                                 0x00002a362580b360 0x0 + 46412045792096
8   node                                0x00000001011f86f8 Builtins_InterpreterEntryTrampoline + 248
9   node                                0x00000001011f86f8 Builtins_InterpreterEntryTrampoline + 248
10  node                                0x00000001012253b4 Builtins_AsyncFunctionAwaitResolveClosure + 84
11  node                                0x00000001012a64dc Builtins_PromiseFulfillReactionJob + 60
12  node                                0x0000000101218008 Builtins_RunMicrotasks + 616
13  node                                0x00000001011f63e4 Builtins_JSRunMicrotasksEntry + 164
14  node                                0x0000000100bbc468 _ZN2v88internal12_GLOBAL__N_16InvokeEPNS0_7IsolateERKNS1_12InvokeParamsE + 2364
15  node                                0x0000000100bbc978 _ZN2v88internal12_GLOBAL__N_118InvokeWithTryCatchEPNS0_7IsolateERKNS1_12InvokeParamsE + 88
16  node                                0x0000000100bbca40 _ZN2v88internal9Execution16TryRunMicrotasksEPNS0_7IsolateEPNS0_14MicrotaskQueueEPNS0_11MaybeHandleINS0_6ObjectEEE + 64
17  node                                0x0000000100bdeeac _ZN2v88internal14MicrotaskQueue13RunMicrotasksEPNS0_7IsolateE + 424
18  node                                0x0000000100bdece4 _ZN2v88internal14MicrotaskQueue17PerformCheckpointEPNS_7IsolateE + 56
19  node                                0x000000010086abac _ZN4node21InternalCallbackScope5CloseEv + 248
20  node                                0x000000010086a5e4 _ZN4node21InternalCallbackScopeD1Ev + 20
21  node                                0x000000010097a070 _ZN4node22PerIsolatePlatformData17RunForegroundTaskENSt3__110unique_ptrIN2v84TaskENS1_14default_deleteIS4_EEEE + 216
22  node                                0x0000000100978d00 _ZN4node22PerIsolatePlatformData28FlushForegroundTasksInternalEv + 800
23  node                                0x00000001011dc124 uv__async_io + 320
24  node                                0x00000001011eddfc uv__io_poll + 1052
25  node                                0x00000001011dc5b4 uv_run + 380
26  node                                0x000000010086bc20 _ZN4node13SpinEventLoopEPNS_11EnvironmentE + 244
27  node                                0x00000001009acf28 _ZN4node6worker6Worker3RunEv + 984
28  node                                0x00000001009b00d8 _ZZN4node6worker6Worker11StartThreadERKN2v820FunctionCallbackInfoINS2_5ValueEEEEN3$_38__invokeEPv + 56
29  libsystem_pthread.dylib             0x000000018d167878 _pthread_start + 320
30  libsystem_pthread.dylib             0x000000018d1625e0 thread_start + 8
